<?xml version="1.0" encoding="UTF-8"?>
<!-- Generated by org.testng.reporters.JUnitReportReporter -->
<testsuite hostname="DESKTOP-DRRO17G" name="p1.MyTest1" tests="2" failures="0" timestamp="30 Jun 2019 06:03:32 GMT" time="0.022" errors="0">
  <testcase name="tc001" time="0.021" classname="p1.MyTest1"/>
  <testcase name="tc002" time="0.001" classname="p1.MyTest1"/>
</testsuite> <!-- p1.MyTest1 -->
